PLINK v1.90b7.2 64-bit (11 Dec 2023)
Options in effect:
  --23file /Users/sofiya/IB/practicum/h_plus/raw_data/23_and_me.txt
  --out snps_clean
  --output-chr MT
  --recode vcf
  --snps-only just-acgt

Hostname: Sofias-Laptop.local
Working directory: /Users/sofiya/plink_mac_20231211
Start time: Wed Feb 14 23:42:34 2024

Random number seed: 1707943354
16384 MB RAM detected; reserving 8192 MB for main workspace.
--23file: snps_clean-temporary.bed + snps_clean-temporary.bim +
snps_clean-temporary.fam written.
15125 variants with indel calls present.  '--snps-only no-DI' or
--list-23-indels may be useful here.
Inferred sex: male.
595401 out of 610526 variants loaded from .bim file.
1 person (1 male, 0 females) loaded from .fam.
Using 1 thread (no multithreaded calculations invoked).
Before main variant filters, 1 founder and 0 nonfounders present.
Calculating allele frequencies... done.
Warning: 103 het. haploid genotypes present (see snps_clean.hh ); many commands
treat these as missing.
Total genotyping rate is 0.989246.
595401 variants and 1 person pass filters and QC.
Note: No phenotypes present.
--recode vcf to snps_clean.vcf ... done.

End time: Wed Feb 14 23:42:34 2024
